2022-02-10 11:45:35,449 INFO com.nikolai.network.NetworkApplication [restartedMain] Starting NetworkApplication using Java 15.0.2 on DESKTOP-Nikolai with PID 16460 (C:\Users\Nikolai\IdeaProjects\network\target\classes started by Nikolai in C:\Users\Nikolai\IdeaProjects\network)
2022-02-10 11:45:35,454 INFO com.nikolai.network.NetworkApplication [restartedMain] No active profile set, falling back to default profiles: default
2022-02-10 11:45:35,499 INFO org.springframework.boot.devtools.env.DevToolsPropertyDefaultsPostProcessor [restartedMain] Devtools property defaults active! Set 'spring.devtools.add-properties' to 'false' to disable
2022-02-10 11:45:35,499 INFO org.springframework.boot.devtools.env.DevToolsPropertyDefaultsPostProcessor [restartedMain] For additional web related logging consider setting the 'logging.level.web' property to 'DEBUG'
2022-02-10 11:45:36,305 INFO org.springframework.data.repository.config.RepositoryConfigurationDelegate [restartedMain] Multiple Spring Data modules found, entering strict repository configuration mode!
2022-02-10 11:45:36,305 INFO org.springframework.data.repository.config.RepositoryConfigurationDelegate [restartedMain] Bootstrapping Spring Data JPA repositories in DEFAULT mode.
2022-02-10 11:45:36,446 INFO org.springframework.data.repository.config.RepositoryConfigurationDelegate [restartedMain] Finished Spring Data repository scanning in 131 ms. Found 7 JPA repository interfaces.
2022-02-10 11:45:36,469 INFO org.springframework.data.repository.config.RepositoryConfigurationDelegate [restartedMain] Multiple Spring Data modules found, entering strict repository configuration mode!
2022-02-10 11:45:36,469 INFO org.springframework.data.repository.config.RepositoryConfigurationDelegate [restartedMain] Bootstrapping Spring Data Redis repositories in DEFAULT mode.
2022-02-10 11:45:36,497 INFO org.springframework.data.repository.config.RepositoryConfigurationExtensionSupport [restartedMain] Spring Data Redis - Could not safely identify store assignment for repository candidate interface com.nikolai.network.repository.ChatMessageRepository. If you want this repository to be a Redis repository, consider annotating your entities with one of these annotations: org.springframework.data.redis.core.RedisHash (preferred), or consider extending one of the following types with your repository: org.springframework.data.keyvalue.repository.KeyValueRepository.
2022-02-10 11:45:36,498 INFO org.springframework.data.repository.config.RepositoryConfigurationExtensionSupport [restartedMain] Spring Data Redis - Could not safely identify store assignment for repository candidate interface com.nikolai.network.repository.ChatRoomRepository. If you want this repository to be a Redis repository, consider annotating your entities with one of these annotations: org.springframework.data.redis.core.RedisHash (preferred), or consider extending one of the following types with your repository: org.springframework.data.keyvalue.repository.KeyValueRepository.
2022-02-10 11:45:36,498 INFO org.springframework.data.repository.config.RepositoryConfigurationExtensionSupport [restartedMain] Spring Data Redis - Could not safely identify store assignment for repository candidate interface com.nikolai.network.repository.FriendRepository. If you want this repository to be a Redis repository, consider annotating your entities with one of these annotations: org.springframework.data.redis.core.RedisHash (preferred), or consider extending one of the following types with your repository: org.springframework.data.keyvalue.repository.KeyValueRepository.
2022-02-10 11:45:36,498 INFO org.springframework.data.repository.config.RepositoryConfigurationExtensionSupport [restartedMain] Spring Data Redis - Could not safely identify store assignment for repository candidate interface com.nikolai.network.repository.GroupContentRepository. If you want this repository to be a Redis repository, consider annotating your entities with one of these annotations: org.springframework.data.redis.core.RedisHash (preferred), or consider extending one of the following types with your repository: org.springframework.data.keyvalue.repository.KeyValueRepository.
2022-02-10 11:45:36,498 INFO org.springframework.data.repository.config.RepositoryConfigurationExtensionSupport [restartedMain] Spring Data Redis - Could not safely identify store assignment for repository candidate interface com.nikolai.network.repository.GroupRepository. If you want this repository to be a Redis repository, consider annotating your entities with one of these annotations: org.springframework.data.redis.core.RedisHash (preferred), or consider extending one of the following types with your repository: org.springframework.data.keyvalue.repository.KeyValueRepository.
2022-02-10 11:45:36,498 INFO org.springframework.data.repository.config.RepositoryConfigurationExtensionSupport [restartedMain] Spring Data Redis - Could not safely identify store assignment for repository candidate interface com.nikolai.network.repository.ImageRepository. If you want this repository to be a Redis repository, consider annotating your entities with one of these annotations: org.springframework.data.redis.core.RedisHash (preferred), or consider extending one of the following types with your repository: org.springframework.data.keyvalue.repository.KeyValueRepository.
2022-02-10 11:45:36,498 INFO org.springframework.data.repository.config.RepositoryConfigurationExtensionSupport [restartedMain] Spring Data Redis - Could not safely identify store assignment for repository candidate interface com.nikolai.network.repository.UserRepository. If you want this repository to be a Redis repository, consider annotating your entities with one of these annotations: org.springframework.data.redis.core.RedisHash (preferred), or consider extending one of the following types with your repository: org.springframework.data.keyvalue.repository.KeyValueRepository.
2022-02-10 11:45:36,498 INFO org.springframework.data.repository.config.RepositoryConfigurationDelegate [restartedMain] Finished Spring Data repository scanning in 19 ms. Found 0 Redis repository interfaces.
2022-02-10 11:45:37,099 INFO org.springframework.boot.web.embedded.tomcat.TomcatWebServer [restartedMain] Tomcat initialized with port(s): 8080 (http)
2022-02-10 11:45:37,111 INFO org.apache.catalina.core.StandardService [restartedMain] Starting service [Tomcat]
2022-02-10 11:45:37,111 INFO org.apache.catalina.core.StandardEngine [restartedMain] Starting Servlet engine: [Apache Tomcat/9.0.56]
2022-02-10 11:45:37,208 INFO org.apache.catalina.core.ContainerBase.[Tomcat].[localhost].[/] [restartedMain] Initializing Spring embedded WebApplicationContext
2022-02-10 11:45:37,208 INFO org.springframework.boot.web.servlet.context.ServletWebServerApplicationContext [restartedMain] Root WebApplicationContext: initialization completed in 1709 ms
2022-02-10 11:45:37,513 INFO org.hibernate.jpa.internal.util.LogHelper [restartedMain] HHH000204: Processing PersistenceUnitInfo [name: default]
2022-02-10 11:45:37,577 INFO org.hibernate.Version [restartedMain] HHH000412: Hibernate ORM core version 5.6.3.Final
2022-02-10 11:45:37,679 INFO org.hibernate.annotations.common.Version [restartedMain] HCANN000001: Hibernate Commons Annotations {5.1.2.Final}
2022-02-10 11:45:37,758 INFO com.zaxxer.hikari.HikariDataSource [restartedMain] HikariPool-1 - Starting...
2022-02-10 11:45:37,873 INFO com.zaxxer.hikari.HikariDataSource [restartedMain] HikariPool-1 - Start completed.
2022-02-10 11:45:37,878 INFO org.hibernate.dialect.Dialect [restartedMain] HHH000400: Using dialect: org.hibernate.dialect.MySQL55Dialect
2022-02-10 11:45:38,620 INFO org.hibernate.engine.transaction.jta.platform.internal.JtaPlatformInitiator [restartedMain] HHH000490: Using JtaPlatform implementation: [org.hibernate.engine.transaction.jta.platform.internal.NoJtaPlatform]
2022-02-10 11:45:38,634 INFO org.springframework.orm.jpa.LocalContainerEntityManagerFactoryBean [restartedMain] Initialized JPA EntityManagerFactory for persistence unit 'default'
2022-02-10 11:45:38,658 WARN org.springframework.boot.autoconfigure.orm.jpa.JpaBaseConfiguration$JpaWebConfiguration [restartedMain] spring.jpa.open-in-view is enabled by default. Therefore, database queries may be performed during view rendering. Explicitly configure spring.jpa.open-in-view to disable this warning
2022-02-10 11:45:39,449 INFO org.springframework.security.web.DefaultSecurityFilterChain [restartedMain] Will secure any request with [org.springframework.security.web.context.request.async.WebAsyncManagerIntegrationFilter@103ba75e, org.springframework.security.web.context.SecurityContextPersistenceFilter@5bfcb0c4, org.springframework.security.web.header.HeaderWriterFilter@1aed1c50, org.springframework.security.web.authentication.logout.LogoutFilter@55ef3ca4, org.springframework.security.web.authentication.UsernamePasswordAuthenticationFilter@3ae335b8, org.springframework.security.web.savedrequest.RequestCacheAwareFilter@460168a8, org.springframework.security.web.servletapi.SecurityContextHolderAwareRequestFilter@40116ef6, org.springframework.security.web.authentication.AnonymousAuthenticationFilter@369a037f, org.springframework.security.web.session.SessionManagementFilter@767352e1, org.springframework.security.web.access.ExceptionTranslationFilter@6597d644, org.springframework.security.web.access.intercept.FilterSecurityInterceptor@751c2afa]
2022-02-10 11:45:39,789 INFO org.springframework.boot.devtools.autoconfigure.OptionalLiveReloadServer [restartedMain] LiveReload server is running on port 35729
2022-02-10 11:45:39,818 INFO org.springframework.boot.web.embedded.tomcat.TomcatWebServer [restartedMain] Tomcat started on port(s): 8080 (http) with context path ''
2022-02-10 11:45:39,818 INFO org.springframework.messaging.simp.broker.SimpleBrokerMessageHandler [restartedMain] Starting...
2022-02-10 11:45:39,818 INFO org.springframework.messaging.simp.broker.SimpleBrokerMessageHandler [restartedMain] BrokerAvailabilityEvent[available=true, SimpleBrokerMessageHandler [org.springframework.messaging.simp.broker.DefaultSubscriptionRegistry@5a124bdb]]
2022-02-10 11:45:39,818 INFO org.springframework.messaging.simp.broker.SimpleBrokerMessageHandler [restartedMain] Started.
2022-02-10 11:45:39,829 INFO com.nikolai.network.NetworkApplication [restartedMain] Started NetworkApplication in 4.876 seconds (JVM running for 5.981)
2022-02-10 11:45:48,193 INFO org.apache.catalina.core.ContainerBase.[Tomcat].[localhost].[/] [http-nio-8080-exec-1] Initializing Spring DispatcherServlet 'dispatcherServlet'
2022-02-10 11:45:48,194 INFO org.springframework.web.servlet.DispatcherServlet [http-nio-8080-exec-1] Initializing Servlet 'dispatcherServlet'
2022-02-10 11:45:48,196 INFO org.springframework.web.servlet.DispatcherServlet [http-nio-8080-exec-1] Completed initialization in 2 ms
2022-02-10 11:45:51,965 INFO com.nikolai.network.controllers.ProfileController [http-nio-8080-exec-9] show profile
2022-02-10 11:45:53,621 WARN org.springframework.web.servlet.PageNotFound [http-nio-8080-exec-5] No mapping for GET /favicon.ico
2022-02-10 11:45:54,898 WARN org.springframework.web.servlet.PageNotFound [http-nio-8080-exec-5] No mapping for GET /webjars/jquery/jquery.min.js
2022-02-10 11:45:54,898 WARN org.springframework.web.servlet.PageNotFound [http-nio-8080-exec-7] No mapping for GET /webjars/sockjs-client/sockjs.min.js
2022-02-10 11:45:54,906 WARN org.springframework.web.servlet.PageNotFound [http-nio-8080-exec-3] No mapping for GET /webjars/stomp-websocket/stomp.min.js
2022-02-10 11:45:54,920 WARN org.springframework.web.servlet.PageNotFound [http-nio-8080-exec-8] No mapping for GET /webjars/jquery/jquery.min.js
2022-02-10 11:45:54,929 WARN org.springframework.web.servlet.PageNotFound [http-nio-8080-exec-1] No mapping for GET /webjars/sockjs-client/sockjs.min.js
2022-02-10 11:45:54,936 WARN org.springframework.web.servlet.PageNotFound [http-nio-8080-exec-2] No mapping for GET /webjars/stomp-websocket/stomp.min.js
2022-02-10 11:46:39,513 INFO org.springframework.web.socket.config.WebSocketMessageBrokerStats [MessageBroker-1] WebSocketSession[0 current WS(0)-HttpStream(0)-HttpPoll(0), 0 total, 0 closed abnormally (0 connect failure, 0 send limit, 0 transport error)], stompSubProtocol[processed CONNECT(0)-CONNECTED(0)-DISCONNECT(0)], stompBrokerRelay[null], inboundChannel[pool size = 0, active threads = 0, queued tasks = 0, completed tasks = 0], outboundChannel[pool size = 0, active threads = 0, queued tasks = 0, completed tasks = 0], sockJsScheduler[pool size = 1, active threads = 1, queued tasks = 0, completed tasks = 0]
2022-02-10 11:51:05,570 INFO org.springframework.messaging.simp.broker.SimpleBrokerMessageHandler [SpringApplicationShutdownHook] Stopping...
2022-02-10 11:51:05,570 INFO org.springframework.messaging.simp.broker.SimpleBrokerMessageHandler [SpringApplicationShutdownHook] BrokerAvailabilityEvent[available=false, SimpleBrokerMessageHandler [org.springframework.messaging.simp.broker.DefaultSubscriptionRegistry@5a124bdb]]
2022-02-10 11:51:05,570 INFO org.springframework.messaging.simp.broker.SimpleBrokerMessageHandler [SpringApplicationShutdownHook] Stopped.
2022-02-10 11:51:05,600 INFO org.springframework.orm.jpa.LocalContainerEntityManagerFactoryBean [SpringApplicationShutdownHook] Closing JPA EntityManagerFactory for persistence unit 'default'
2022-02-10 11:51:05,600 INFO com.zaxxer.hikari.HikariDataSource [SpringApplicationShutdownHook] HikariPool-1 - Shutdown initiated...
2022-02-10 11:51:05,609 INFO com.zaxxer.hikari.HikariDataSource [SpringApplicationShutdownHook] HikariPool-1 - Shutdown completed.
